{
  "RSpec": {
    "coverage": {
      "/Users/axeld/Documents/personal_projects/clash_of_clans/spec/features/players/index_spec.rb": {
        "lines": [
          1,
          null,
          1,
          1,
          1,
          2,
          null,
          null,
          1,
          1,
          1,
          1,
          null,
          null,
          1,
          1,
          1,
          null,
          1,
          null,
          null,
          null
        ]
      },
      "/Users/axeld/Documents/personal_projects/clash_of_clans/spec/features/players/show_spec.rb": {
        "lines": [
          1,
          null,
          1,
          1,
          1,
          1,
          null,
          null,
          1,
          1,
          1,
          1,
          1,
          1,
          1,
          1,
          1,
          1,
          1,
          1,
          1,
          1,
          1,
          1,
          null,
          null,
          null
        ]
      },
      "/Users/axeld/Documents/personal_projects/clash_of_clans/spec/services/clash_service_spec.rb": {
        "lines": [
          1,
          null,
          1,
          1,
          1,
          1,
          1,
          null,
          1,
          1,
          1,
          1,
          1,
          null,
          null,
          null
        ]
      },
      "/Users/axeld/Documents/personal_projects/clash_of_clans/app/facades/clash_facade.rb": {
        "lines": [
          1,
          1,
          3,
          3,
          null,
          null,
          1,
          3,
          null,
          null
        ]
      },
      "/Users/axeld/Documents/personal_projects/clash_of_clans/app/services/clash_service.rb": {
        "lines": [
          1,
          null,
          1,
          4,
          null,
          null,
          1,
          4,
          4,
          null,
          null,
          1,
          4,
          4,
          null,
          null,
          null
        ]
      },
      "/Users/axeld/Documents/personal_projects/clash_of_clans/app/poros/player.rb": {
        "lines": [
          1,
          1,
          null,
          null,
          null,
          null,
          null,
          null,
          null,
          null,
          1,
          3,
          3,
          3,
          3,
          3,
          3,
          3,
          3,
          null,
          null,
          1,
          3,
          9,
          null,
          null,
          null
        ]
      },
      "/Users/axeld/Documents/personal_projects/clash_of_clans/app/poros/hero.rb": {
        "lines": [
          1,
          1,
          null,
          null,
          null,
          null,
          1,
          9,
          9,
          9,
          9,
          null,
          null
        ]
      },
      "/Users/axeld/Documents/personal_projects/clash_of_clans/app/controllers/players_controller.rb": {
        "lines": [
          1,
          1,
          3,
          1,
          null,
          null,
          null,
          1,
          2,
          null,
          null,
          1,
          null,
          null,
          null
        ]
      },
      "/Users/axeld/Documents/personal_projects/clash_of_clans/app/controllers/application_controller.rb": {
        "lines": [
          1,
          null
        ]
      }
    },
    "timestamp": 1680063768
  }
}
